{"_message":"Person validation failed","errors":{"gifts.0.name":{"kind":"required","message":"Path `name` is required.","name":"ValidatorError","path":"name","properties":{"message":"Path `name` is required.","path":"name","type":"required"}},"gifts.1.name":{"kind":"required","message":"Path `name` is required.","name":"ValidatorError","path":"name","properties":{"message":"Path `name` is required.","path":"name","type":"required"}},"gifts.2.name":{"kind":"required","message":"Path `name` is required.","name":"ValidatorError","path":"name","properties":{"message":"Path `name` is required.","path":"name","type":"required"}}},"level":"error","message":"Person validation failed: gifts.0.name: Path `name` is required., gifts.1.name: Path `name` is required., gifts.2.name: Path `name` is required.","name":"ValidationError","service":"giftr"}
{"_message":"Person validation failed","errors":{"gifts.0.name":{"kind":"required","message":"Path `name` is required.","name":"ValidatorError","path":"name","properties":{"message":"Path `name` is required.","path":"name","type":"required"}},"gifts.1.name":{"kind":"required","message":"Path `name` is required.","name":"ValidatorError","path":"name","properties":{"message":"Path `name` is required.","path":"name","type":"required"}},"gifts.2.name":{"kind":"required","message":"Path `name` is required.","name":"ValidatorError","path":"name","properties":{"message":"Path `name` is required.","path":"name","type":"required"}}},"level":"error","message":"Person validation failed: gifts.0.name: Path `name` is required., gifts.1.name: Path `name` is required., gifts.2.name: Path `name` is required.","name":"ValidationError","service":"giftr"}
{"_message":"Person validation failed","errors":{"gifts.0.name":{"kind":"required","message":"Path `name` is required.","name":"ValidatorError","path":"name","properties":{"message":"Path `name` is required.","path":"name","type":"required"}},"gifts.1.name":{"kind":"required","message":"Path `name` is required.","name":"ValidatorError","path":"name","properties":{"message":"Path `name` is required.","path":"name","type":"required"}},"gifts.2.name":{"kind":"required","message":"Path `name` is required.","name":"ValidatorError","path":"name","properties":{"message":"Path `name` is required.","path":"name","type":"required"}}},"level":"error","message":"Person validation failed: gifts.0.name: Path `name` is required., gifts.1.name: Path `name` is required., gifts.2.name: Path `name` is required.","name":"ValidationError","service":"giftr"}
{"_message":"Person validation failed","errors":{"gifts.0.name":{"kind":"required","message":"Path `name` is required.","name":"ValidatorError","path":"name","properties":{"message":"Path `name` is required.","path":"name","type":"required"}},"gifts.1.name":{"kind":"required","message":"Path `name` is required.","name":"ValidatorError","path":"name","properties":{"message":"Path `name` is required.","path":"name","type":"required"}},"gifts.2.name":{"kind":"required","message":"Path `name` is required.","name":"ValidatorError","path":"name","properties":{"message":"Path `name` is required.","path":"name","type":"required"}}},"level":"error","message":"Person validation failed: gifts.0.name: Path `name` is required., gifts.1.name: Path `name` is required., gifts.2.name: Path `name` is required.","name":"ValidationError","service":"giftr"}
{"level":"error","message":{"code":404,"description":"","status":"404","title":"Resource does not exist"},"service":"giftr"}
{"code":404,"description":"We could not find a person with id: 624db02a8218a3415002a152","level":"error","service":"giftr","status":"404","title":"Resource does not exist"}
{"level":"error","service":"giftr"}
{"code":404,"description":"Could not find a Gift with id: 6250d86d6b0b6ad9d3cfb671","level":"error","service":"giftr","status":"404","title":"Resource does not exist"}
{"level":"error","service":"giftr"}
{"_message":"Person validation failed","errors":{"gifts.1.name":{"kind":"minlength","message":"Path `name` (`Toy`) is shorter than the minimum allowed length (4).","name":"ValidatorError","path":"name","properties":{"message":"Path `name` (`Toy`) is shorter than the minimum allowed length (4).","minlength":4,"path":"name","type":"minlength","value":"Toy"},"value":"Toy"},"gifts.1.price":{"kind":"min","message":"Path `price` (30) is less than minimum allowed value (100).","name":"ValidatorError","path":"price","properties":{"message":"Path `price` (30) is less than minimum allowed value (100).","min":100,"path":"price","type":"min","value":30},"value":30}},"level":"error","message":"Person validation failed: gifts.1.name: Path `name` (`Toy`) is shorter than the minimum allowed length (4)., gifts.1.price: Path `price` (30) is less than minimum allowed value (100).","name":"ValidationError","service":"giftr"}
{"_message":"Person validation failed","errors":{"gifts.1.price":{"kind":"min","message":"Path `price` (30) is less than minimum allowed value (100).","name":"ValidatorError","path":"price","properties":{"message":"Path `price` (30) is less than minimum allowed value (100).","min":100,"path":"price","type":"min","value":30},"value":30}},"level":"error","message":"Person validation failed: gifts.1.price: Path `price` (30) is less than minimum allowed value (100).","name":"ValidationError","service":"giftr"}
{"level":"error","service":"giftr"}
{"level":"error","service":"giftr"}
{"level":"error","service":"giftr"}
{"level":"error","service":"giftr"}
{"level":"error","service":"giftr"}
{"code":404,"description":"Could not find a Gift with id: 62519055fd04daa37bacd658","level":"error","service":"giftr","status":"404","title":"Resource does not exist"}
{"code":404,"description":"Could not find a Gift with id: 62519055fd04daa37bacd658","level":"error","service":"giftr","status":"404","title":"Resource does not exist"}
{"level":"error","service":"giftr"}
{"_message":"user validation failed","errors":{"email":{"kind":"user defined","message":"a@a.a is not a valid email address.","name":"ValidatorError","path":"email","properties":{"message":"a@a.a is not a valid email address.","path":"email","type":"user defined","value":"a@a.a"},"value":"a@a.a"}},"level":"error","message":"user validation failed: email: a@a.a is not a valid email address.","name":"ValidationError","service":"giftr"}
{"_message":"Person validation failed","errors":{"gifts.0.price":{"kind":"min","message":"Path `price` (40) is less than minimum allowed value (100).","name":"ValidatorError","path":"price","properties":{"message":"Path `price` (40) is less than minimum allowed value (100).","min":100,"path":"price","type":"min","value":40},"value":40}},"level":"error","message":"Person validation failed: gifts.0.price: Path `price` (40) is less than minimum allowed value (100).","name":"ValidationError","service":"giftr"}
{"kind":"ObjectId","message":"Cast to ObjectId failed for value \"62533ae4d491fd7952472ce\" (type string) at path \"_id\" for model \"Person\"","name":"CastError","path":"_id","reason":{},"stringValue":"\"62533ae4d491fd7952472ce\"","value":"62533ae4d491fd7952472ce","valueType":"string"}
{"code":404,"description":"Could not find a person with id: 62533ae4d491fd7952472ce","level":"error","service":"giftr","status":"404","title":"Resource does not exist"}
{"code":404,"description":"Could not find a person with id: 62533ae4d491fd7952472ce3","level":"error","service":"giftr","status":"404","title":"Resource does not exist"}
{"code":404,"description":"Could not find a person with id: 62533ae4d491fd7952472ce2","level":"error","service":"giftr","status":"404","title":"Resource does not exist"}
{"code":"ERR_HTTP_HEADERS_SENT","level":"error","service":"giftr"}
{"code":404,"description":"Could not find a person with id: 62533ae4d491fd7952472ce2","level":"error","service":"giftr","status":"404","title":"Resource does not exist"}
{"code":"ERR_HTTP_HEADERS_SENT","level":"error","service":"giftr"}
{"code":404,"description":"Could not find a person with id: 62533ae4d491fd7952472ce2","level":"error","service":"giftr","status":"404","title":"Resource does not exist"}
{"code":"ERR_HTTP_HEADERS_SENT","level":"error","service":"giftr"}
{"code":404,"description":"Could not find a person with id: 62533ae4d491fd7952472ce2","level":"error","service":"giftr","status":"404","title":"Resource does not exist"}
{"code":"ERR_HTTP_HEADERS_SENT","level":"error","service":"giftr"}
{"level":"error","message":"Error connecting to MongoDB... connect ECONNREFUSED 127.0.0.1:27017","reason":{"compatible":true,"heartbeatFrequencyMS":10000,"localThresholdMS":15,"servers":{},"stale":false,"type":"Unknown"},"service":"giftr","stack":"MongooseServerSelectionError: connect ECONNREFUSED 127.0.0.1:27017\n    at NativeConnection.Connection.openUri (/Users/kieferbaird-perry/Documents/code/Algonquin/finalwithakshay/giftr/node_modules/mongoose/lib/connection.js:807:32)\n    at /Users/kieferbaird-perry/Documents/code/Algonquin/finalwithakshay/giftr/node_modules/mongoose/lib/index.js:340:10\n    at /Users/kieferbaird-perry/Documents/code/Algonquin/finalwithakshay/giftr/node_modules/mongoose/lib/helpers/promiseOrCallback.js:32:5\n    at new Promise (<anonymous>)\n    at promiseOrCallback (/Users/kieferbaird-perry/Documents/code/Algonquin/finalwithakshay/giftr/node_modules/mongoose/lib/helpers/promiseOrCallback.js:31:10)\n    at Mongoose._promiseOrCallback (/Users/kieferbaird-perry/Documents/code/Algonquin/finalwithakshay/giftr/node_modules/mongoose/lib/index.js:1174:10)\n    at Mongoose.connect (/Users/kieferbaird-perry/Documents/code/Algonquin/finalwithakshay/giftr/node_modules/mongoose/lib/index.js:339:20)\n    at default (file:///Users/kieferbaird-perry/Documents/code/Algonquin/finalwithakshay/giftr/startup/connect.js:7:6)\n    at file:///Users/kieferbaird-perry/Documents/code/Algonquin/finalwithakshay/giftr/app.js:11:1\n    at ModuleJob.run (node:internal/modules/esm/module_job:185:25)"}
{"code":404,"description":"Could not find a person with id: 624b946ce7a261c352ec7ff7","level":"error","service":"giftr","status":"404","title":"Resource does not exist"}
{"code":"ERR_HTTP_HEADERS_SENT","level":"error","service":"giftr"}
{"code":404,"description":"Could not find a person with id: 624b946ce7a261c352ec7ff7","level":"error","service":"giftr","status":"404","title":"Resource does not exist"}
{"code":"ERR_HTTP_HEADERS_SENT","level":"error","service":"giftr"}
{"code":404,"description":"Could not find a person with id: 624b946ce7a261c352ec7ff7","level":"error","service":"giftr","status":"404","title":"Resource does not exist"}
{"code":"ERR_HTTP_HEADERS_SENT","level":"error","service":"giftr"}
{"code":404,"description":"Could not find a person with id: 624b946ce7a261c352ec7ff7","level":"error","service":"giftr","status":"404","title":"Resource does not exist"}
{"code":"ERR_HTTP_HEADERS_SENT","level":"error","service":"giftr"}
{"code":404,"description":"Could not find a person with id: 624b946ce7a261c352ec7ff7","level":"error","service":"giftr","status":"404","title":"Resource does not exist"}
{"code":404,"description":"Could not find a person with id: 624b946ce7a261c352ec7ff","level":"error","service":"giftr","status":"404","title":"Resource does not exist"}
{"_message":"Person validation failed","errors":{"gifts.0.name":{"kind":"required","message":"Path `name` is required.","name":"ValidatorError","path":"name","properties":{"message":"Path `name` is required.","path":"name","type":"required"}}},"level":"error","message":"Person validation failed: gifts.0.name: Path `name` is required.","name":"ValidationError","service":"giftr"}
{"_message":"Person validation failed","errors":{"gifts.0.name":{"kind":"required","message":"Path `name` is required.","name":"ValidatorError","path":"name","properties":{"message":"Path `name` is required.","path":"name","type":"required"}}},"level":"error","message":"Person validation failed: gifts.0.name: Path `name` is required.","name":"ValidationError","service":"giftr"}
{"_message":"Person validation failed","errors":{"gifts.0.name":{"kind":"required","message":"Path `name` is required.","name":"ValidatorError","path":"name","properties":{"message":"Path `name` is required.","path":"name","type":"required"}}},"level":"error","message":"Person validation failed: gifts.0.name: Path `name` is required.","name":"ValidationError","service":"giftr"}
{"level":"error","service":"giftr"}
{"level":"error","service":"giftr"}
{"_message":"Person validation failed","errors":{"gifts.0.name":{"kind":"required","message":"Path `name` is required.","name":"ValidatorError","path":"name","properties":{"message":"Path `name` is required.","path":"name","type":"required"}}},"level":"error","message":"Person validation failed: gifts.0.name: Path `name` is required.","name":"ValidationError","service":"giftr"}
{"level":"error","service":"giftr"}
{"level":"error","service":"giftr"}
{"code":404,"description":"Could not find a gift with id: 624dd46472ed91db80b81341","level":"error","service":"giftr","status":"404","title":"Resource does not exist"}
{"level":"error","service":"giftr"}
{"code":404,"description":"Could not find a gift with id: 6253610857492bdaa8af525f","level":"error","service":"giftr","status":"404","title":"Resource does not exist"}
{"code":404,"description":"Could not find a gift with id: 6253610857492bdaa8af524f","level":"error","service":"giftr","status":"404","title":"Resource does not exist"}
{"code":"ERR_HTTP_HEADERS_SENT","level":"error","service":"giftr"}
{"level":"error","service":"giftr"}
{"code":404,"description":"Could not find a gift with id: 6253610857492bdaa8af525f","level":"error","service":"giftr","status":"404","title":"Resource does not exist"}
{"_message":"Person validation failed","errors":{"birthDate":{"kind":"date","message":"Cast to date failed for value \"20/20/20\" (type string) at path \"birthDate\"","name":"CastError","path":"birthDate","reason":{"actual":false,"code":"ERR_ASSERTION","expected":true,"generatedMessage":true,"operator":"=="},"stringValue":"\"20/20/20\"","value":"20/20/20","valueType":"string"}},"level":"error","message":"Person validation failed: birthDate: Cast to date failed for value \"20/20/20\" (type string) at path \"birthDate\"","name":"ValidationError","service":"giftr"}
{"_message":"Person validation failed","errors":{"birthDate":{"kind":"date","message":"Cast to date failed for value \"20/20/2020\" (type string) at path \"birthDate\"","name":"CastError","path":"birthDate","reason":{"actual":false,"code":"ERR_ASSERTION","expected":true,"generatedMessage":true,"operator":"=="},"stringValue":"\"20/20/2020\"","value":"20/20/2020","valueType":"string"}},"level":"error","message":"Person validation failed: birthDate: Cast to date failed for value \"20/20/2020\" (type string) at path \"birthDate\"","name":"ValidationError","service":"giftr"}
{"_message":"Person validation failed","errors":{"birthDate":{"kind":"date","message":"Cast to date failed for value \"20/12/2020\" (type string) at path \"birthDate\"","name":"CastError","path":"birthDate","reason":{"actual":false,"code":"ERR_ASSERTION","expected":true,"generatedMessage":true,"operator":"=="},"stringValue":"\"20/12/2020\"","value":"20/12/2020","valueType":"string"}},"level":"error","message":"Person validation failed: birthDate: Cast to date failed for value \"20/12/2020\" (type string) at path \"birthDate\"","name":"ValidationError","service":"giftr"}
{"level":"error","service":"giftr"}
{"level":"error","service":"giftr"}
{"code":404,"description":"Could not find a person with id: 624b946be7a261c352ec7ff4","level":"error","service":"giftr","status":"404","title":"Resource does not exist"}
{"code":404,"description":"Could not find a person with id: 624b946be7a261c352ec7ff","level":"error","service":"giftr","status":"404","title":"Resource does not exist"}
{"code":404,"description":"Invalid person Id provided: 624b946be7a261c352ec7ff","level":"error","service":"giftr","status":"404","title":"Resource does not exist"}
{"code":404,"description":"Invalid gift id provided: 6253bb48e136bff53c954d2","level":"error","service":"giftr","status":"404","title":"Resource does not exist"}
{"code":404,"description":"Could not find a gift with id: 6253bb48e136bff53c954d2d in gift list of person with id: 624b946be7a261c352ec7ff5","level":"error","service":"giftr","status":"404","title":"Resource does not exist"}
{"code":404,"description":"Could not find a Person with id: 624b946be7a261c352ec7ff5","level":"error","service":"giftr","status":"404","title":"Resource does not exist"}
{"code":404,"description":"Could not find a Person with id: 624b946be7a261c352ec7ff","level":"error","service":"giftr","status":"404","title":"Resource does not exist"}
{"code":404,"description":"Could not find a Person with id: 624b946be7a261c352ec7ff4","level":"error","service":"giftr","status":"404","title":"Resource does not exist"}
{"code":404,"description":"Could not find a Person with id: 624b946be7a261c352ec7ff45","level":"error","service":"giftr","status":"404","title":"Resource does not exist"}
{"code":404,"description":"Invalid person Id provided: 624b946ce7a261c352ec7ff","level":"error","service":"giftr","status":"404","title":"Resource does not exist"}
{"code":404,"description":"Could not find a person with id: 624b946ce7a261c352ec7ff5","level":"error","service":"giftr","status":"404","title":"Resource does not exist"}
{"code":404,"description":"Invalid person Id provided: 624b946ce7a261c352ec7ff","level":"error","service":"giftr","status":"404","title":"Resource does not exist"}
{"code":404,"description":"Could not find a person with id: 624b946ce7a261c352ec7ff5","level":"error","service":"giftr","status":"404","title":"Resource does not exist"}
{"code":404,"description":"Invalid person Id provided: 624b946be7a261c352ec7ff","level":"error","service":"giftr","status":"404","title":"Resource does not exist"}
{"code":404,"description":"Could not find a person with id: 624b946be7a261c352ec7ff7","level":"error","service":"giftr","status":"404","title":"Resource does not exist"}
{"level":"error","message":"Error connecting to MongoDB... connect ECONNREFUSED 127.0.0.1:27017","reason":{"compatible":true,"heartbeatFrequencyMS":10000,"localThresholdMS":15,"servers":{},"stale":false,"type":"Unknown"},"service":"giftr","stack":"MongooseServerSelectionError: connect ECONNREFUSED 127.0.0.1:27017\n    at NativeConnection.Connection.openUri (/Users/akshaymahajan/Library/CloudStorage/OneDrive-AlgonquinCollege/MAD&D/Winter Term-2022/9124/code/mad9124-w21-p1-giftr/node_modules/mongoose/lib/connection.js:807:32)\n    at /Users/akshaymahajan/Library/CloudStorage/OneDrive-AlgonquinCollege/MAD&D/Winter Term-2022/9124/code/mad9124-w21-p1-giftr/node_modules/mongoose/lib/index.js:340:10\n    at /Users/akshaymahajan/Library/CloudStorage/OneDrive-AlgonquinCollege/MAD&D/Winter Term-2022/9124/code/mad9124-w21-p1-giftr/node_modules/mongoose/lib/helpers/promiseOrCallback.js:32:5\n    at new Promise (<anonymous>)\n    at promiseOrCallback (/Users/akshaymahajan/Library/CloudStorage/OneDrive-AlgonquinCollege/MAD&D/Winter Term-2022/9124/code/mad9124-w21-p1-giftr/node_modules/mongoose/lib/helpers/promiseOrCallback.js:31:10)\n    at Mongoose._promiseOrCallback (/Users/akshaymahajan/Library/CloudStorage/OneDrive-AlgonquinCollege/MAD&D/Winter Term-2022/9124/code/mad9124-w21-p1-giftr/node_modules/mongoose/lib/index.js:1174:10)\n    at Mongoose.connect (/Users/akshaymahajan/Library/CloudStorage/OneDrive-AlgonquinCollege/MAD&D/Winter Term-2022/9124/code/mad9124-w21-p1-giftr/node_modules/mongoose/lib/index.js:339:20)\n    at default (file:///Users/akshaymahajan/Library/CloudStorage/OneDrive-AlgonquinCollege/MAD&D/Winter%20Term-2022/9124/code/mad9124-w21-p1-giftr/startup/connect.js:7:6)\n    at file:///Users/akshaymahajan/Library/CloudStorage/OneDrive-AlgonquinCollege/MAD&D/Winter%20Term-2022/9124/code/mad9124-w21-p1-giftr/app.js:11:1\n    at ModuleJob.run (node:internal/modules/esm/module_job:185:25)"}
{"code":404,"description":"Could not find a person with id: 624caee62af33bee9c25f113","level":"error","service":"giftr","status":"404","title":"Resource does not exist"}
{"code":404,"description":"Invalid person Id provided: 624db42bbfefefbac972631","level":"error","service":"giftr","status":"404","title":"Resource does not exist"}
{"code":404,"description":"Could not find a person with id: 624db5262be53a2e8553e3f1","level":"error","service":"giftr","status":"404","title":"Resource does not exist"}
{"code":404,"description":"Could not find a person with id: 624caee62af33bee9c25f113","level":"error","service":"giftr","status":"404","title":"Resource does not exist"}
{"code":404,"description":"Could not find a person with id: 624caee62af33bee9c25f113","level":"error","service":"giftr","status":"404","title":"Resource does not exist"}
{"code":404,"description":"Could not find a person with id: 624caee62af33bee9c25f113","level":"error","service":"giftr","status":"404","title":"Resource does not exist"}
{"code":404,"description":"Could not find a gift with id: 6250d86d6b0b6ad9d3cfb671 in gift list of person with id: 6250d830286af5c9230c354f","level":"error","service":"giftr","status":"404","title":"Resource does not exist"}
{"code":404,"description":"Invalid person Id provided: 624db42bbfefefbac972631","level":"error","service":"giftr","status":"404","title":"Resource does not exist"}
{"code":404,"description":"Could not find a person with id: 624db5262be53a2e8553e3f1","level":"error","service":"giftr","status":"404","title":"Resource does not exist"}
{"code":404,"description":"Could not find a person with id: 624caee62af33bee9c25f113","level":"error","service":"giftr","status":"404","title":"Resource does not exist"}
{"code":404,"description":"Could not find a person with id: 624caee62af33bee9c25f113","level":"error","service":"giftr","status":"404","title":"Resource does not exist"}
{"code":404,"description":"Could not find a person with id: 624caee62af33bee9c25f113","level":"error","service":"giftr","status":"404","title":"Resource does not exist"}
{"code":404,"description":"Could not find a gift with id: 6250d86d6b0b6ad9d3cfb671 in gift list of person with id: 6250d830286af5c9230c354f","level":"error","service":"giftr","status":"404","title":"Resource does not exist"}
{"code":404,"description":"Invalid person Id provided: 624db42bbfefefbac972631","level":"error","service":"giftr","status":"404","title":"Resource does not exist"}
{"code":404,"description":"Could not find a person with id: 624db5262be53a2e8553e3f1","level":"error","service":"giftr","status":"404","title":"Resource does not exist"}
{"code":404,"description":"Could not find a person with id: 624caee62af33bee9c25f113","level":"error","service":"giftr","status":"404","title":"Resource does not exist"}
{"code":404,"description":"Could not find a person with id: 624caee62af33bee9c25f113","level":"error","service":"giftr","status":"404","title":"Resource does not exist"}
{"code":404,"description":"Could not find a person with id: 624caee62af33bee9c25f113","level":"error","service":"giftr","status":"404","title":"Resource does not exist"}
{"code":404,"description":"Could not find a gift with id: 6250d86d6b0b6ad9d3cfb671 in gift list of person with id: 6250d830286af5c9230c354f","level":"error","service":"giftr","status":"404","title":"Resource does not exist"}
{"code":404,"description":"Could not find a person with id: 625488d6404152ee65c5d3a8","level":"error","service":"giftr","status":"404","title":"Resource does not exist"}
{"level":"error","message":"Error connecting to MongoDB... connect ECONNREFUSED 127.0.0.1:27017","reason":{"compatible":true,"heartbeatFrequencyMS":10000,"localThresholdMS":15,"servers":{},"stale":false,"type":"Unknown"},"service":"giftr","stack":"MongooseServerSelectionError: connect ECONNREFUSED 127.0.0.1:27017\n    at NativeConnection.Connection.openUri (/Users/kieferbaird-perry/Documents/code/Algonquin/finalwithakshay/giftr/node_modules/mongoose/lib/connection.js:807:32)\n    at /Users/kieferbaird-perry/Documents/code/Algonquin/finalwithakshay/giftr/node_modules/mongoose/lib/index.js:340:10\n    at /Users/kieferbaird-perry/Documents/code/Algonquin/finalwithakshay/giftr/node_modules/mongoose/lib/helpers/promiseOrCallback.js:32:5\n    at new Promise (<anonymous>)\n    at promiseOrCallback (/Users/kieferbaird-perry/Documents/code/Algonquin/finalwithakshay/giftr/node_modules/mongoose/lib/helpers/promiseOrCallback.js:31:10)\n    at Mongoose._promiseOrCallback (/Users/kieferbaird-perry/Documents/code/Algonquin/finalwithakshay/giftr/node_modules/mongoose/lib/index.js:1174:10)\n    at Mongoose.connect (/Users/kieferbaird-perry/Documents/code/Algonquin/finalwithakshay/giftr/node_modules/mongoose/lib/index.js:339:20)\n    at default (file:///Users/kieferbaird-perry/Documents/code/Algonquin/finalwithakshay/giftr/startup/connect.js:7:6)\n    at file:///Users/kieferbaird-perry/Documents/code/Algonquin/finalwithakshay/giftr/app.js:11:1\n    at ModuleJob.run (node:internal/modules/esm/module_job:185:25)"}
{"code":404,"description":"Could not find a person with id: 625488d6404152ee65c5d3a8","level":"error","service":"giftr","status":"404","title":"Resource does not exist"}
{"_message":"Person validation failed","errors":{"gifts.0.name":{"kind":"minlength","message":"Path `name` (`Bag`) is shorter than the minimum allowed length (4).","name":"ValidatorError","path":"name","properties":{"message":"Path `name` (`Bag`) is shorter than the minimum allowed length (4).","minlength":4,"path":"name","type":"minlength","value":"Bag"},"value":"Bag"}},"level":"error","message":"Person validation failed: gifts.0.name: Path `name` (`Bag`) is shorter than the minimum allowed length (4).","name":"ValidationError","service":"giftr"}
{"code":404,"description":"Could not find a person with id: 62533ae4d491fd7952472ce2","level":"error","service":"giftr","status":"404","title":"Resource does not exist"}
{"code":404,"description":"Could not find a person with id: 625f0881d21f967c02594a82","level":"error","service":"giftr","status":"404","title":"Resource does not exist"}
{"code":"ERR_HTTP_HEADERS_SENT","level":"error","service":"giftr"}
{"kind":"ObjectId","message":"Cast to ObjectId failed for value \"625f0881d21f967c02594a8\" (type string) at path \"_id\" for model \"Person\"","name":"CastError","path":"_id","reason":{},"stringValue":"\"625f0881d21f967c02594a8\"","value":"625f0881d21f967c02594a8","valueType":"string"}
{"code":404,"description":"Could not find a person with id: 625f0881d21f967c02594a81","level":"error","service":"giftr","status":"404","title":"Resource does not exist"}
{"kind":"ObjectId","message":"Cast to ObjectId failed for value \"625f0881d21f967c02594a8\" (type string) at path \"_id\" for model \"Person\"","name":"CastError","path":"_id","reason":{},"stringValue":"\"625f0881d21f967c02594a8\"","value":"625f0881d21f967c02594a8","valueType":"string"}
{"code":404,"description":"Could not find a person with id: 625f0881d21f967c02594a8","level":"error","service":"giftr","status":"404","title":"Resource does not exist"}
{"code":404,"description":"Could not find a person with id: 625f0881d21f967c02594a81","level":"error","service":"giftr","status":"404","title":"Resource does not exist"}
{"code":404,"description":"Could not find a person with id: 62533ae4d491fd7952472ce2","level":"error","service":"giftr","status":"404","title":"Resource does not exist"}
{"code":404,"description":"Could not find a gift with id: 625364fa7f6db0be4d7efb8c in gift list of person with id: 625f0881d21f967c02594a82","level":"error","service":"giftr","status":"404","title":"Resource does not exist"}
{"code":404,"description":"Could not find a gift with id: 625f1c7ed21f967c02594abd in gift list of person with id: 625f0881d21f967c02594a82","level":"error","service":"giftr","status":"404","title":"Resource does not exist"}
{"code":"ERR_HTTP_HEADERS_SENT","level":"error","service":"giftr"}
{"code":404,"description":"Could not find a gift with id: 625f1c7ed21f967c02594ab in gift list of person with id: 625f0881d21f967c02594a82","level":"error","service":"giftr","status":"404","title":"Resource does not exist"}
{"code":404,"description":"Could not find a person with id: 625f0881d21f967c02594a8","level":"error","service":"giftr","status":"404","title":"Resource does not exist"}
{"code":404,"description":"Could not find a person with id: 625f0881d21f967c02594a81","level":"error","service":"giftr","status":"404","title":"Resource does not exist"}
{"code":404,"description":"Could not find a gift with id: 625f1c7ed21f967c02594ab in gift list of person with id: 625f0881d21f967c02594a82","level":"error","service":"giftr","status":"404","title":"Resource does not exist"}
{"code":404,"description":"Could not find a gift with id: 625f1c7ed21f967c02594abd in gift list of person with id: 625f0881d21f967c02594a82","level":"error","service":"giftr","status":"404","title":"Resource does not exist"}
{"code":"ERR_HTTP_HEADERS_SENT","level":"error","service":"giftr"}
{"code":404,"description":"Could not find a gift with id: 625f1c7ed21f967c02594abd in gift list of person with id: 625f0881d21f967c02594a82","level":"error","service":"giftr","status":"404","title":"Resource does not exist"}
{"code":"ERR_HTTP_HEADERS_SENT","level":"error","service":"giftr"}
{"code":404,"description":"Could not find a gift with id: 625f1c7ed21f967c02594ab in gift list of person with id: 625f0881d21f967c02594a82","level":"error","service":"giftr","status":"404","title":"Resource does not exist"}
{"code":404,"description":"Could not find a person with id: 625f0881d21f967c02594a8","level":"error","service":"giftr","status":"404","title":"Resource does not exist"}
{"code":404,"description":"Could not find a person with id: 625f0881d21f967c02594a81","level":"error","service":"giftr","status":"404","title":"Resource does not exist"}
{"code":404,"description":"Could not find a person with id: 625f0881d21f967c02594a81","level":"error","service":"giftr","status":"404","title":"Resource does not exist"}
{"code":404,"description":"Could not find a gift with id: 625f1c7ed21f967c02594ab in gift list of person with id: 625f0881d21f967c02594a82","level":"error","service":"giftr","status":"404","title":"Resource does not exist"}
{"code":404,"description":"Could not find a gift with id: 625f1c7ed21f967c02594ab in gift list of person with id: 625f0881d21f967c02594a82","level":"error","service":"giftr","status":"404","title":"Resource does not exist"}
{"code":404,"description":"Could not find a gift with id: 625f1c7ed21f967c02594abc in gift list of person with id: 625f0881d21f967c02594a82","level":"error","service":"giftr","status":"404","title":"Resource does not exist"}
{"code":404,"description":"Could not find a gift with id: 625f1c7ed21f967c02594abc in gift list of person with id: 625f0881d21f967c02594a82","level":"error","service":"giftr","status":"404","title":"Resource does not exist"}
{"code":404,"description":"Could not find a gift with id: 625f1c7ed21f967c02594abc in gift list of person with id: 625f0881d21f967c02594a82","level":"error","service":"giftr","status":"404","title":"Resource does not exist"}
{"code":404,"description":"Could not find a person with id: 625488d6404152ee65c5d3a8","level":"error","service":"giftr","status":"404","title":"Resource does not exist"}
{"code":404,"description":"Could not find a person with id: 625f4dfcd21f967c02594bd0","level":"error","service":"giftr","status":"404","title":"Resource does not exist"}
{"_message":"Person validation failed","errors":{"birthDate":{"kind":"required","message":"Path `birthDate` is required.","name":"ValidatorError","path":"birthDate","properties":{"message":"Path `birthDate` is required.","path":"birthDate","type":"required"}}},"level":"error","message":"Person validation failed: birthDate: Path `birthDate` is required.","name":"ValidationError","service":"giftr"}
{"level":"info","message":"Connected to MongoDB @ mad9124-w21-p1-giftr...","module":"connectDB","service":"giftr"}
{"level":"info","message":"Connected to MongoDB @ mad9124-w21-p1-giftr...","module":"connectDB","service":"giftr"}
{"level":"info","message":"Connected to MongoDB @ mad9124-w21-p1-giftr...","module":"connectDB","service":"giftr"}
{"level":"info","message":"Express is listening on port 3030 ...","service":"giftr"}
{"level":"info","message":"Connected to MongoDB @ mad9124-w21-p1-giftr...","module":"connectDB","service":"giftr"}
